[17:00:17] [main/INFO]: Setting user: Player656
[17:00:18] [Client thread/INFO]: LWJGL Version: 2.9.0
[17:00:21] [Client thread/INFO]: Reloading ResourceManager: Default, FMLFileResourcePack:Forge Mod Loader, FMLFileResourcePack:Minecraft Forge, FMLFileResourcePack:Cheese And Crackers
[17:00:22] [Sound Library Loader/INFO]: Sound engine started
[17:00:22] [Client thread/INFO]: Created: 512x256 textures/blocks-atlas
[17:00:22] [Client thread/INFO]: Created: 256x256 textures/items-atlas
[17:00:22] [Client thread/INFO]: Reloading ResourceManager: Default, FMLFileResourcePack:Forge Mod Loader, FMLFileResourcePack:Minecraft Forge, FMLFileResourcePack:Cheese And Crackers
[17:00:22] [Client thread/INFO]: Created: 256x256 textures/items-atlas
[17:00:22] [Client thread/ERROR]: Using missing texture, unable to load cheeseandcrackers:textures/blocks/featherBlock.png
java.io.FileNotFoundException: cheeseandcrackers:textures/blocks/featherBlock.png
	at net.minecraft.client.resources.FallbackResourceManager.getResource(FallbackResourceManager.java:65) ~[FallbackResourceManager.class:?]
	at net.minecraft.client.resources.SimpleReloadableResourceManager.getResource(SimpleReloadableResourceManager.java:67) ~[SimpleReloadableResourceManager.class:?]
	at net.minecraft.client.renderer.texture.TextureMap.loadTextureAtlas(TextureMap.java:126) [TextureMap.class:?]
	at net.minecraft.client.renderer.texture.TextureMap.loadTexture(TextureMap.java:91) [TextureMap.class:?]
	at net.minecraft.client.renderer.texture.TextureManager.loadTexture(TextureManager.java:89) [TextureManager.class:?]
	at net.minecraft.client.renderer.texture.TextureManager.onResourceManagerReload(TextureManager.java:170) [TextureManager.class:?]
	at net.minecraft.client.resources.SimpleReloadableResourceManager.notifyReloadListeners(SimpleReloadableResourceManager.java:134) [SimpleReloadableResourceManager.class:?]
	at net.minecraft.client.resources.SimpleReloadableResourceManager.reloadResources(SimpleReloadableResourceManager.java:118) [SimpleReloadableResourceManager.class:?]
	at net.minecraft.client.Minecraft.refreshResources(Minecraft.java:626) [Minecraft.class:?]
	at cpw.mods.fml.client.FMLClientHandler.finishMinecraftLoading(FMLClientHandler.java:303) [FMLClientHandler.class:?]
	at net.minecraft.client.Minecraft.startGame(Minecraft.java:585) [Minecraft.class:?]
	at net.minecraft.client.Minecraft.run(Minecraft.java:892) [Minecraft.class:?]
	at net.minecraft.client.main.Main.main(Main.java:112) [Main.class:?]
	at sun.reflect.NativeMethodAccessorImpl.invoke0(Native Method) ~[?:1.7.0_25]
	at sun.reflect.NativeMethodAccessorImpl.invoke(Unknown Source) ~[?:1.7.0_25]
	at sun.reflect.DelegatingMethodAccessorImpl.invoke(Unknown Source) ~[?:1.7.0_25]
	at java.lang.reflect.Method.invoke(Unknown Source) ~[?:1.7.0_25]
	at net.minecraft.launchwrapper.Launch.launch(Launch.java:134) [launchwrapper-1.9.jar:?]
	at net.minecraft.launchwrapper.Launch.main(Launch.java:28) [launchwrapper-1.9.jar:?]
[17:00:23] [Client thread/ERROR]: Using missing texture, unable to load cheeseandcrackers:textures/blocks/sugarBlock.png
java.io.FileNotFoundException: cheeseandcrackers:textures/blocks/sugarBlock.png
	at net.minecraft.client.resources.FallbackResourceManager.getResource(FallbackResourceManager.java:65) ~[FallbackResourceManager.class:?]
	at net.minecraft.client.resources.SimpleReloadableResourceManager.getResource(SimpleReloadableResourceManager.java:67) ~[SimpleReloadableResourceManager.class:?]
	at net.minecraft.client.renderer.texture.TextureMap.loadTextureAtlas(TextureMap.java:126) [TextureMap.class:?]
	at net.minecraft.client.renderer.texture.TextureMap.loadTexture(TextureMap.java:91) [TextureMap.class:?]
	at net.minecraft.client.renderer.texture.TextureManager.loadTexture(TextureManager.java:89) [TextureManager.class:?]
	at net.minecraft.client.renderer.texture.TextureManager.onResourceManagerReload(TextureManager.java:170) [TextureManager.class:?]
	at net.minecraft.client.resources.SimpleReloadableResourceManager.notifyReloadListeners(SimpleReloadableResourceManager.java:134) [SimpleReloadableResourceManager.class:?]
	at net.minecraft.client.resources.SimpleReloadableResourceManager.reloadResources(SimpleReloadableResourceManager.java:118) [SimpleReloadableResourceManager.class:?]
	at net.minecraft.client.Minecraft.refreshResources(Minecraft.java:626) [Minecraft.class:?]
	at cpw.mods.fml.client.FMLClientHandler.finishMinecraftLoading(FMLClientHandler.java:303) [FMLClientHandler.class:?]
	at net.minecraft.client.Minecraft.startGame(Minecraft.java:585) [Minecraft.class:?]
	at net.minecraft.client.Minecraft.run(Minecraft.java:892) [Minecraft.class:?]
	at net.minecraft.client.main.Main.main(Main.java:112) [Main.class:?]
	at sun.reflect.NativeMethodAccessorImpl.invoke0(Native Method) ~[?:1.7.0_25]
	at sun.reflect.NativeMethodAccessorImpl.invoke(Unknown Source) ~[?:1.7.0_25]
	at sun.reflect.DelegatingMethodAccessorImpl.invoke(Unknown Source) ~[?:1.7.0_25]
	at java.lang.reflect.Method.invoke(Unknown Source) ~[?:1.7.0_25]
	at net.minecraft.launchwrapper.Launch.launch(Launch.java:134) [launchwrapper-1.9.jar:?]
	at net.minecraft.launchwrapper.Launch.main(Launch.java:28) [launchwrapper-1.9.jar:?]
[17:00:23] [Client thread/ERROR]: Using missing texture, unable to load cheeseandcrackers:textures/blocks/blazeBlock.png
java.io.FileNotFoundException: cheeseandcrackers:textures/blocks/blazeBlock.png
	at net.minecraft.client.resources.FallbackResourceManager.getResource(FallbackResourceManager.java:65) ~[FallbackResourceManager.class:?]
	at net.minecraft.client.resources.SimpleReloadableResourceManager.getResource(SimpleReloadableResourceManager.java:67) ~[SimpleReloadableResourceManager.class:?]
	at net.minecraft.client.renderer.texture.TextureMap.loadTextureAtlas(TextureMap.java:126) [TextureMap.class:?]
	at net.minecraft.client.renderer.texture.TextureMap.loadTexture(TextureMap.java:91) [TextureMap.class:?]
	at net.minecraft.client.renderer.texture.TextureManager.loadTexture(TextureManager.java:89) [TextureManager.class:?]
	at net.minecraft.client.renderer.texture.TextureManager.onResourceManagerReload(TextureManager.java:170) [TextureManager.class:?]
	at net.minecraft.client.resources.SimpleReloadableResourceManager.notifyReloadListeners(SimpleReloadableResourceManager.java:134) [SimpleReloadableResourceManager.class:?]
	at net.minecraft.client.resources.SimpleReloadableResourceManager.reloadResources(SimpleReloadableResourceManager.java:118) [SimpleReloadableResourceManager.class:?]
	at net.minecraft.client.Minecraft.refreshResources(Minecraft.java:626) [Minecraft.class:?]
	at cpw.mods.fml.client.FMLClientHandler.finishMinecraftLoading(FMLClientHandler.java:303) [FMLClientHandler.class:?]
	at net.minecraft.client.Minecraft.startGame(Minecraft.java:585) [Minecraft.class:?]
	at net.minecraft.client.Minecraft.run(Minecraft.java:892) [Minecraft.class:?]
	at net.minecraft.client.main.Main.main(Main.java:112) [Main.class:?]
	at sun.reflect.NativeMethodAccessorImpl.invoke0(Native Method) ~[?:1.7.0_25]
	at sun.reflect.NativeMethodAccessorImpl.invoke(Unknown Source) ~[?:1.7.0_25]
	at sun.reflect.DelegatingMethodAccessorImpl.invoke(Unknown Source) ~[?:1.7.0_25]
	at java.lang.reflect.Method.invoke(Unknown Source) ~[?:1.7.0_25]
	at net.minecraft.launchwrapper.Launch.launch(Launch.java:134) [launchwrapper-1.9.jar:?]
	at net.minecraft.launchwrapper.Launch.main(Launch.java:28) [launchwrapper-1.9.jar:?]
[17:00:23] [Client thread/INFO]: Created: 512x256 textures/blocks-atlas
[17:00:24] [Sound Library Loader/INFO]: Sound engine started
[17:00:25] [MCO Availability Checker #1/ERROR]: Couldn't connect to Realms
[17:00:28] [Server thread/INFO]: Starting integrated minecraft server version 1.7.2
[17:00:28] [Server thread/INFO]: Generating keypair
[17:00:29] [Server thread/INFO]: Preparing start region for level 0
[17:00:30] [Server thread/INFO]: Player656[local:E:d19a4d25] logged in with entity id 174 at (-459.8833067871858, 63.31402860279479, 88.4825760839936)
[17:00:30] [Server thread/INFO]: Player656 joined the game
[17:00:30] [Server thread/INFO]: Saving and pausing game...
[17:00:30] [Server thread/INFO]: Saving chunks for level 'Copy of New World'/Overworld
[17:00:30] [Server thread/INFO]: Saving chunks for level 'Copy of New World'/Nether
[17:00:30] [Server thread/INFO]: Saving chunks for level 'Copy of New World'/The End
[17:01:10] [Server thread/INFO]: Player656 has just earned the achievement [Taking Inventory]
[17:01:10] [Client thread/INFO]: [CHAT] Player656 has just earned the achievement [Taking Inventory]
[17:02:04] [Server thread/INFO]: [Player656: Toggled downfall]
[17:02:04] [Client thread/INFO]: [CHAT] Toggled downfall
[17:02:08] [Server thread/INFO]: [Player656: Set the time to 0]
[17:02:08] [Client thread/INFO]: [CHAT] Set the time to 0
[17:02:17] [Server thread/INFO]: Saving and pausing game...
[17:02:17] [Server thread/INFO]: Saving chunks for level 'Copy of New World'/Overworld
[17:02:17] [Server thread/INFO]: Saving chunks for level 'Copy of New World'/Nether
[17:02:17] [Server thread/INFO]: Saving chunks for level 'Copy of New World'/The End
[17:02:22] [Client thread/INFO]: [CHAT] Saved screenshot as 2014-06-24_17.02.22.png
[17:02:22] [Server thread/INFO]: Saving and pausing game...
[17:02:22] [Server thread/INFO]: Saving chunks for level 'Copy of New World'/Overworld
[17:02:22] [Server thread/INFO]: Saving chunks for level 'Copy of New World'/Nether
[17:02:22] [Server thread/INFO]: Saving chunks for level 'Copy of New World'/The End
[17:02:24] [Client thread/INFO]: Stopping!
[17:02:24] [Server thread/INFO]: Stopping server
[17:02:24] [Server thread/INFO]: Saving players
[17:02:24] [Server thread/INFO]: Saving worlds
[17:02:24] [Server thread/INFO]: Saving chunks for level 'Copy of New World'/Overworld
[17:02:24] [Server thread/INFO]: Saving chunks for level 'Copy of New World'/Nether
[17:02:24] [Server thread/INFO]: Saving chunks for level 'Copy of New World'/The End
