[13:02:03] [main/INFO]: Setting user: Player937
[13:02:04] [Client thread/INFO]: LWJGL Version: 2.9.0
[13:02:10] [Client thread/INFO]: Reloading ResourceManager: Default, FMLFileResourcePack:Forge Mod Loader, FMLFileResourcePack:Minecraft Forge, FMLFileResourcePack:Cheese And Crackers
[13:02:10] [Client thread/WARN]: ResourcePack: ignored non-lowercase namespace: %s in %s
[13:02:10] [Sound Library Loader/INFO]: Sound engine started
[13:02:12] [Client thread/INFO]: Created: 512x256 textures/blocks-atlas
[13:02:12] [Client thread/INFO]: Created: 256x256 textures/items-atlas
[13:02:12] [Client thread/INFO]: Reloading ResourceManager: Default, FMLFileResourcePack:Forge Mod Loader, FMLFileResourcePack:Minecraft Forge, FMLFileResourcePack:Cheese And Crackers
[13:02:12] [Client thread/WARN]: ResourcePack: ignored non-lowercase namespace: %s in %s
[13:02:13] [Client thread/ERROR]: Using missing texture, unable to load cheeseandcrackers:textures/items/Cracker.png
java.io.FileNotFoundException: cheeseandcrackers:textures/items/Cracker.png
	at net.minecraft.client.resources.SimpleReloadableResourceManager.getResource(SimpleReloadableResourceManager.java:71) ~[SimpleReloadableResourceManager.class:?]
	at net.minecraft.client.renderer.texture.TextureMap.loadTextureAtlas(TextureMap.java:126) [TextureMap.class:?]
	at net.minecraft.client.renderer.texture.TextureMap.loadTexture(TextureMap.java:91) [TextureMap.class:?]
	at net.minecraft.client.renderer.texture.TextureManager.loadTexture(TextureManager.java:89) [TextureManager.class:?]
	at net.minecraft.client.renderer.texture.TextureManager.onResourceManagerReload(TextureManager.java:170) [TextureManager.class:?]
	at net.minecraft.client.resources.SimpleReloadableResourceManager.notifyReloadListeners(SimpleReloadableResourceManager.java:134) [SimpleReloadableResourceManager.class:?]
	at net.minecraft.client.resources.SimpleReloadableResourceManager.reloadResources(SimpleReloadableResourceManager.java:118) [SimpleReloadableResourceManager.class:?]
	at net.minecraft.client.Minecraft.refreshResources(Minecraft.java:626) [Minecraft.class:?]
	at cpw.mods.fml.client.FMLClientHandler.finishMinecraftLoading(FMLClientHandler.java:303) [FMLClientHandler.class:?]
	at net.minecraft.client.Minecraft.startGame(Minecraft.java:585) [Minecraft.class:?]
	at net.minecraft.client.Minecraft.run(Minecraft.java:892) [Minecraft.class:?]
	at net.minecraft.client.main.Main.main(Main.java:112) [Main.class:?]
	at sun.reflect.NativeMethodAccessorImpl.invoke0(Native Method) ~[?:1.7.0_25]
	at sun.reflect.NativeMethodAccessorImpl.invoke(Unknown Source) ~[?:1.7.0_25]
	at sun.reflect.DelegatingMethodAccessorImpl.invoke(Unknown Source) ~[?:1.7.0_25]
	at java.lang.reflect.Method.invoke(Unknown Source) ~[?:1.7.0_25]
	at net.minecraft.launchwrapper.Launch.launch(Launch.java:134) [launchwrapper-1.9.jar:?]
	at net.minecraft.launchwrapper.Launch.main(Launch.java:28) [launchwrapper-1.9.jar:?]
[13:02:13] [Client thread/ERROR]: Using missing texture, unable to load cheeseandcrackers:textures/items/Cheese.png
java.io.FileNotFoundException: cheeseandcrackers:textures/items/Cheese.png
	at net.minecraft.client.resources.SimpleReloadableResourceManager.getResource(SimpleReloadableResourceManager.java:71) ~[SimpleReloadableResourceManager.class:?]
	at net.minecraft.client.renderer.texture.TextureMap.loadTextureAtlas(TextureMap.java:126) [TextureMap.class:?]
	at net.minecraft.client.renderer.texture.TextureMap.loadTexture(TextureMap.java:91) [TextureMap.class:?]
	at net.minecraft.client.renderer.texture.TextureManager.loadTexture(TextureManager.java:89) [TextureManager.class:?]
	at net.minecraft.client.renderer.texture.TextureManager.onResourceManagerReload(TextureManager.java:170) [TextureManager.class:?]
	at net.minecraft.client.resources.SimpleReloadableResourceManager.notifyReloadListeners(SimpleReloadableResourceManager.java:134) [SimpleReloadableResourceManager.class:?]
	at net.minecraft.client.resources.SimpleReloadableResourceManager.reloadResources(SimpleReloadableResourceManager.java:118) [SimpleReloadableResourceManager.class:?]
	at net.minecraft.client.Minecraft.refreshResources(Minecraft.java:626) [Minecraft.class:?]
	at cpw.mods.fml.client.FMLClientHandler.finishMinecraftLoading(FMLClientHandler.java:303) [FMLClientHandler.class:?]
	at net.minecraft.client.Minecraft.startGame(Minecraft.java:585) [Minecraft.class:?]
	at net.minecraft.client.Minecraft.run(Minecraft.java:892) [Minecraft.class:?]
	at net.minecraft.client.main.Main.main(Main.java:112) [Main.class:?]
	at sun.reflect.NativeMethodAccessorImpl.invoke0(Native Method) ~[?:1.7.0_25]
	at sun.reflect.NativeMethodAccessorImpl.invoke(Unknown Source) ~[?:1.7.0_25]
	at sun.reflect.DelegatingMethodAccessorImpl.invoke(Unknown Source) ~[?:1.7.0_25]
	at java.lang.reflect.Method.invoke(Unknown Source) ~[?:1.7.0_25]
	at net.minecraft.launchwrapper.Launch.launch(Launch.java:134) [launchwrapper-1.9.jar:?]
	at net.minecraft.launchwrapper.Launch.main(Launch.java:28) [launchwrapper-1.9.jar:?]
[13:02:13] [Client thread/INFO]: Created: 256x256 textures/items-atlas
[13:02:13] [Client thread/INFO]: Created: 512x256 textures/blocks-atlas
[13:02:14] [Sound Library Loader/INFO]: Sound engine started
[13:02:17] [MCO Availability Checker #1/ERROR]: Couldn't connect to Realms
[13:02:28] [Server thread/INFO]: Starting integrated minecraft server version 1.7.2
[13:02:28] [Server thread/INFO]: Generating keypair
[13:02:29] [Server thread/INFO]: Preparing start region for level 0
[13:02:30] [Server thread/INFO]: Preparing spawn area: 56%
[13:02:31] [Server thread/INFO]: Player937[local:E:f8d5439a] logged in with entity id 362 at (-207.812881199964, 71.66909587024257, 98.62860398753199)
[13:02:31] [Server thread/INFO]: Player937 joined the game
[13:02:32] [Server thread/INFO]: Saving and pausing game...
[13:02:32] [Server thread/INFO]: Saving chunks for level 'Copy of New World'/Overworld
[13:02:32] [Server thread/INFO]: Saving chunks for level 'Copy of New World'/Nether
[13:02:32] [Server thread/INFO]: Saving chunks for level 'Copy of New World'/The End
[13:03:46] [Client thread/WARN]: Unable to play unknown soundEvent: minecraft:none
[13:03:59] [Server thread/INFO]: Player937 has just earned the achievement [Taking Inventory]
[13:03:59] [Client thread/INFO]: [CHAT] Player937 has just earned the achievement [Taking Inventory]
[13:04:13] [Client thread/INFO]: Stopping!
[13:04:13] [Server thread/INFO]: Stopping server
[13:04:13] [Server thread/INFO]: Saving players
[13:04:13] [Server thread/INFO]: Saving worlds
[13:04:13] [Server thread/INFO]: Saving chunks for level 'Copy of New World'/Overworld
[13:04:13] [Server thread/INFO]: Saving chunks for level 'Copy of New World'/Nether
[13:04:13] [Server thread/INFO]: Saving chunks for level 'Copy of New World'/The End
[13:04:13] [Client Shutdown Thread/INFO]: Stopping server
[13:04:13] [Client Shutdown Thread/INFO]: Saving players
